app/build/intermediates/manifest_merge_blame_file/release/manifest-merger-blame-release-report.txt
1<?xml version="1.0" encoding="utf-8"?>
2<manifest xmlns:android="http://schemas.android.com/apk/res/android"
3    package="com.Example.calligrapy"
4    android:versionCode="1"
5    android:versionName="1.0" >
6
7    <uses-sdk
8        android:minSdkVersion="21"
8-->src\main\AndroidManifest.xml
9        android:targetSdkVersion="32" />
9-->src\main\AndroidManifest.xml
10
11    <uses-permission android:name="android.permission.INTERNET" />
11-->src\main\AndroidManifest.xml:6:5-67
11-->src\main\AndroidManifest.xml:6:22-64
12    <uses-permission android:name="android.permission.ACCESS_NETWORK_STATE" />
12-->src\main\AndroidManifest.xml:7:5-79
12-->src\main\AndroidManifest.xml:7:22-76
13    <uses-permission android:name="android.permission.READ_EXTERNAL_STORAGE" />
13-->src\main\AndroidManifest.xml:8:5-80
13-->src\main\AndroidManifest.xml:8:22-77
14    <uses-permission android:name="android.permission.WRITE_EXTERNAL_STORAGE" />
14-->src\main\AndroidManifest.xml:9:5-81
14-->src\main\AndroidManifest.xml:9:22-78
15    <uses-permission android:name="android.permission.SET_WALLPAPER" />
15-->src\main\AndroidManifest.xml:10:5-72
15-->src\main\AndroidManifest.xml:10:22-69
16    <uses-permission android:name="android.permission.WAKE_LOCK" />
16-->src\main\AndroidManifest.xml:11:5-68
16-->src\main\AndroidManifest.xml:11:22-65
17    <uses-permission android:name="android.permission.CAMERA" />
17-->src\main\AndroidManifest.xml:12:5-65
17-->src\main\AndroidManifest.xml:12:22-62
18
19    <queries>
19-->src\main\AndroidManifest.xml:14:5-18:15
20        <intent>
20-->src\main\AndroidManifest.xml:15:9-17:18
21            <action android:name="android.media.action.IMAGE_CAPTURE" />
21-->src\main\AndroidManifest.xml:16:13-73
21-->src\main\AndroidManifest.xml:16:21-70
22        </intent>
23        <!-- For browser content -->
24        <intent>
24-->[com.google.android.gms:play-services-ads-lite:20.6.0] AndroidManifest.xml:31:9-37:18
25            <action android:name="android.intent.action.VIEW" />
25-->[com.google.android.gms:play-services-ads-lite:20.6.0] AndroidManifest.xml:32:13-65
25-->[com.google.android.gms:play-services-ads-lite:20.6.0] AndroidManifest.xml:32:21-62
26
27            <category android:name="android.intent.category.BROWSABLE" />
27-->[com.google.android.gms:play-services-ads-lite:20.6.0] AndroidManifest.xml:34:13-74
27-->[com.google.android.gms:play-services-ads-lite:20.6.0] AndroidManifest.xml:34:23-71
28
29            <data android:scheme="https" />
29-->[com.google.android.gms:play-services-ads-lite:20.6.0] AndroidManifest.xml:36:13-44
29-->[com.google.android.gms:play-services-ads-lite:20.6.0] AndroidManifest.xml:36:19-41
30        </intent> <!-- End of browser content -->
31        <!-- For CustomTabsService -->
32        <intent>
32-->[com.google.android.gms:play-services-ads-lite:20.6.0] AndroidManifest.xml:40:9-42:18
33            <action android:name="android.support.customtabs.action.CustomTabsService" />
33-->[com.google.android.gms:play-services-ads-lite:20.6.0] AndroidManifest.xml:41:13-90
33-->[com.google.android.gms:play-services-ads-lite:20.6.0] AndroidManifest.xml:41:21-87
34        </intent>
35
36        <package android:name="com.facebook.katana" />
36-->[com.facebook.android:audience-network-sdk:6.11.0] AndroidManifest.xml:12:9-55
36-->[com.facebook.android:audience-network-sdk:6.11.0] AndroidManifest.xml:12:18-52
37    </queries>
38
39    <uses-feature android:name="android.hardware.camera.autofocus" />
39-->src\main\AndroidManifest.xml:20:5-70
39-->src\main\AndroidManifest.xml:20:19-67
40    <uses-feature
40-->src\main\AndroidManifest.xml:22:5-23:35
41        android:name="android.hardware.camera"
41-->src\main\AndroidManifest.xml:22:19-57
42        android:required="true" />
42-->src\main\AndroidManifest.xml:23:9-32
43
44    <uses-permission android:name="android.permission.CHANGE_WIFI_STATE" />
44-->[:ads] AndroidManifest.xml:10:5-76
44-->[:ads] AndroidManifest.xml:10:22-73
45    <uses-permission android:name="android.permission.CHANGE_NETWORK_STATE" />
45-->[:ads] AndroidManifest.xml:11:5-79
45-->[:ads] AndroidManifest.xml:11:22-76
46    <uses-permission android:name="android.permission.ACCESS_WIFI_STATE" />
46-->[:ads] AndroidManifest.xml:13:5-76
46-->[:ads] AndroidManifest.xml:13:22-73
47    <uses-permission android:name="com.google.android.gms.permission.AD_ID" />
47-->[:ads] AndroidManifest.xml:14:5-79
47-->[:ads] AndroidManifest.xml:14:22-76
48    <uses-permission android:name="android.permission.RECEIVE_BOOT_COMPLETED" />
48-->[androidx.work:work-runtime:2.7.0] AndroidManifest.xml:27:5-81
48-->[androidx.work:work-runtime:2.7.0] AndroidManifest.xml:27:22-78
49    <uses-permission android:name="android.permission.FOREGROUND_SERVICE" />
49-->[androidx.work:work-runtime:2.7.0] AndroidManifest.xml:28:5-77
49-->[androidx.work:work-runtime:2.7.0] AndroidManifest.xml:28:22-74
50
51    <application
51-->src\main\AndroidManifest.xml:25:5-111:19
52        android:name="vocsy.ads.AdsApplication"
52-->src\main\AndroidManifest.xml:26:9-48
53        android:allowBackup="true"
53-->src\main\AndroidManifest.xml:27:9-35
54        android:appComponentFactory="androidx.core.app.CoreComponentFactory"
54-->[androidx.core:core:1.8.0] AndroidManifest.xml:24:18-86
55        android:icon="@drawable/appicon"
55-->src\main\AndroidManifest.xml:28:9-41
56        android:label="@string/app_name"
56-->src\main\AndroidManifest.xml:29:9-41
57        android:requestLegacyExternalStorage="true"
57-->src\main\AndroidManifest.xml:30:9-52
58        android:roundIcon="@drawable/appicon"
58-->src\main\AndroidManifest.xml:31:9-46
59        android:supportsRtl="true"
59-->src\main\AndroidManifest.xml:32:9-35
60        android:theme="@style/AppTheme"
60-->src\main\AndroidManifest.xml:33:9-40
61        android:usesCleartextTraffic="true" >
61-->src\main\AndroidManifest.xml:34:9-44
62        <activity
62-->src\main\AndroidManifest.xml:36:9-38:40
63            android:name="com.Example.calligrapy.Sharee"
63-->src\main\AndroidManifest.xml:37:13-35
64            android:exported="false" />
64-->src\main\AndroidManifest.xml:38:13-37
65
66        <meta-data
66-->src\main\AndroidManifest.xml:42:9-44:52
67            android:name="com.google.android.gms.ads.APPLICATION_ID"
67-->src\main\AndroidManifest.xml:43:13-69
68            android:value="@string/admob_app_id" />
68-->src\main\AndroidManifest.xml:44:13-49
69
70        <activity
70-->src\main\AndroidManifest.xml:46:9-49:40
71            android:name="com.Example.calligrapy.EnterAppActivity"
71-->src\main\AndroidManifest.xml:47:13-45
72            android:exported="false"
72-->src\main\AndroidManifest.xml:49:13-37
73            android:screenOrientation="portrait" />
73-->src\main\AndroidManifest.xml:48:13-49
74        <activity
74-->src\main\AndroidManifest.xml:50:9-53:40
75            android:name="com.Example.calligrapy.GetStartActivity"
75-->src\main\AndroidManifest.xml:51:13-45
76            android:exported="false"
76-->src\main\AndroidManifest.xml:53:13-37
77            android:screenOrientation="portrait" />
77-->src\main\AndroidManifest.xml:52:13-49
78        <activity
78-->src\main\AndroidManifest.xml:54:9-58:52
79            android:name="com.Example.calligrapy.ScorpionMainActivity"
79-->src\main\AndroidManifest.xml:55:13-49
80            android:exported="false"
80-->src\main\AndroidManifest.xml:56:13-37
81            android:label="@string/app_name"
81-->src\main\AndroidManifest.xml:57:13-45
82            android:screenOrientation="portrait" />
82-->src\main\AndroidManifest.xml:58:13-49
83
84        <provider
85            android:name="androidx.core.content.FileProvider"
85-->src\main\AndroidManifest.xml:61:13-62
86            android:authorities="com.Example.calligrapy.provider"
86-->src\main\AndroidManifest.xml:62:13-60
87            android:exported="false"
87-->src\main\AndroidManifest.xml:63:13-37
88            android:grantUriPermissions="true" >
88-->src\main\AndroidManifest.xml:64:13-47
89            <meta-data
89-->src\main\AndroidManifest.xml:65:13-67:58
90                android:name="android.support.FILE_PROVIDER_PATHS"
90-->src\main\AndroidManifest.xml:66:17-67
91                android:resource="@xml/provider_paths" />
91-->src\main\AndroidManifest.xml:67:17-55
92        </provider>
93
94        <activity
94-->src\main\AndroidManifest.xml:70:9-80:20
95            android:name="com.Example.calligrapy.ScorpionSplashActivity"
95-->src\main\AndroidManifest.xml:71:13-51
96            android:exported="true"
96-->src\main\AndroidManifest.xml:72:13-36
97            android:label="@string/app_name"
97-->src\main\AndroidManifest.xml:73:13-45
98            android:screenOrientation="portrait" >
98-->src\main\AndroidManifest.xml:74:13-49
99            <intent-filter>
99-->src\main\AndroidManifest.xml:75:13-79:29
100                <action android:name="android.intent.action.MAIN" />
100-->src\main\AndroidManifest.xml:76:17-69
100-->src\main\AndroidManifest.xml:76:25-66
101
102                <category android:name="android.intent.category.LAUNCHER" />
102-->src\main\AndroidManifest.xml:78:17-77
102-->src\main\AndroidManifest.xml:78:27-74
103            </intent-filter>
104        </activity>
105        <activity
105-->src\main\AndroidManifest.xml:81:9-85:52
106            android:name="com.Example.calligrapy.ScorpionEditTextActivity"
106-->src\main\AndroidManifest.xml:82:13-53
107            android:exported="false"
107-->src\main\AndroidManifest.xml:83:13-37
108            android:label="@string/title_activity_edit_text"
108-->src\main\AndroidManifest.xml:84:13-61
109            android:screenOrientation="portrait" />
109-->src\main\AndroidManifest.xml:85:13-49
110        <activity
110-->src\main\AndroidManifest.xml:86:9-90:52
111            android:name="com.Example.calligrapy.MyCreation"
111-->src\main\AndroidManifest.xml:87:13-39
112            android:exported="false"
112-->src\main\AndroidManifest.xml:88:13-37
113            android:label="@string/app_name"
113-->src\main\AndroidManifest.xml:89:13-45
114            android:screenOrientation="portrait" />
114-->src\main\AndroidManifest.xml:90:13-49
115        <activity
115-->src\main\AndroidManifest.xml:91:9-95:52
116            android:name="com.Example.calligrapy.ScorpionImage_Activity"
116-->src\main\AndroidManifest.xml:92:13-51
117            android:exported="false"
117-->src\main\AndroidManifest.xml:93:13-37
118            android:label="@string/app_name"
118-->src\main\AndroidManifest.xml:94:13-45
119            android:screenOrientation="portrait" />
119-->src\main\AndroidManifest.xml:95:13-49
120        <activity
120-->src\main\AndroidManifest.xml:96:9-100:52
121            android:name="com.Example.calligrapy.ScorpionMyCrop"
121-->src\main\AndroidManifest.xml:97:13-43
122            android:exported="false"
122-->src\main\AndroidManifest.xml:98:13-37
123            android:label="@string/app_name"
123-->src\main\AndroidManifest.xml:99:13-45
124            android:screenOrientation="portrait" />
124-->src\main\AndroidManifest.xml:100:13-49
125        <activity
125-->src\main\AndroidManifest.xml:101:9-105:52
126            android:name="com.Example.calligrapy.ScorpionStickerGridActivity"
126-->src\main\AndroidManifest.xml:102:13-56
127            android:exported="false"
127-->src\main\AndroidManifest.xml:103:13-37
128            android:label="@string/app_name"
128-->src\main\AndroidManifest.xml:104:13-45
129            android:screenOrientation="portrait" />
129-->src\main\AndroidManifest.xml:105:13-49
130        <activity
130-->src\main\AndroidManifest.xml:106:9-110:52
131            android:name="com.Example.calligrapy.ScorpionTextActivity"
131-->src\main\AndroidManifest.xml:107:13-49
132            android:exported="false"
132-->src\main\AndroidManifest.xml:108:13-37
133            android:label="@string/app_name"
133-->src\main\AndroidManifest.xml:109:13-45
134            android:screenOrientation="portrait" />
134-->src\main\AndroidManifest.xml:110:13-49
135        <activity
135-->[:ads] AndroidManifest.xml:21:9-23:40
136            android:name="vocsy.ads.ExitScreen"
136-->[:ads] AndroidManifest.xml:22:13-48
137            android:exported="false" />
137-->[:ads] AndroidManifest.xml:23:13-37
138
139        <provider
139-->[androidx.emoji2:emoji2:1.2.0] AndroidManifest.xml:24:9-32:20
140            android:name="androidx.startup.InitializationProvider"
140-->[androidx.emoji2:emoji2:1.2.0] AndroidManifest.xml:25:13-67
141            android:authorities="com.Example.calligrapy.androidx-startup"
141-->[androidx.emoji2:emoji2:1.2.0] AndroidManifest.xml:26:13-68
142            android:exported="false" >
142-->[androidx.emoji2:emoji2:1.2.0] AndroidManifest.xml:27:13-37
143            <meta-data
143-->[androidx.emoji2:emoji2:1.2.0] AndroidManifest.xml:29:13-31:52
144                android:name="androidx.emoji2.text.EmojiCompatInitializer"
144-->[androidx.emoji2:emoji2:1.2.0] AndroidManifest.xml:30:17-75
145                android:value="androidx.startup" />
145-->[androidx.emoji2:emoji2:1.2.0] AndroidManifest.xml:31:17-49
146            <meta-data
146-->[androidx.lifecycle:lifecycle-process:2.5.1] AndroidManifest.xml:31:13-33:52
147                android:name="androidx.lifecycle.ProcessLifecycleInitializer"
147-->[androidx.lifecycle:lifecycle-process:2.5.1] AndroidManifest.xml:32:17-78
148                android:value="androidx.startup" />
148-->[androidx.lifecycle:lifecycle-process:2.5.1] AndroidManifest.xml:33:17-49
149            <meta-data
149-->[androidx.work:work-runtime:2.7.0] AndroidManifest.xml:36:13-38:52
150                android:name="androidx.work.WorkManagerInitializer"
150-->[androidx.work:work-runtime:2.7.0] AndroidManifest.xml:37:17-68
151                android:value="androidx.startup" />
151-->[androidx.work:work-runtime:2.7.0] AndroidManifest.xml:38:17-49
152        </provider>
153
154        <activity
154-->[com.nabinbhandari.android:permissions:3.8] AndroidManifest.xml:12:9-14:67
155            android:name="com.nabinbhandari.android.permissions.PermissionsActivity"
155-->[com.nabinbhandari.android:permissions:3.8] AndroidManifest.xml:13:13-85
156            android:theme="@style/Permissions.TransparentTheme" /> <!-- Include the AdActivity and InAppPurchaseActivity configChanges and themes. -->
156-->[com.nabinbhandari.android:permissions:3.8] AndroidManifest.xml:14:13-64
157        <activity
157-->[com.google.android.gms:play-services-ads-lite:20.6.0] AndroidManifest.xml:49:9-53:64
158            android:name="com.google.android.gms.ads.AdActivity"
158-->[com.google.android.gms:play-services-ads-lite:20.6.0] AndroidManifest.xml:50:13-65
159            android:configChanges="keyboard|keyboardHidden|orientation|screenLayout|uiMode|screenSize|smallestScreenSize"
159-->[com.google.android.gms:play-services-ads-lite:20.6.0] AndroidManifest.xml:51:13-122
160            android:exported="false"
160-->[com.google.android.gms:play-services-ads-lite:20.6.0] AndroidManifest.xml:52:13-37
161            android:theme="@android:style/Theme.Translucent" />
161-->[com.google.android.gms:play-services-ads-lite:20.6.0] AndroidManifest.xml:53:13-61
162
163        <provider
163-->[com.google.android.gms:play-services-ads-lite:20.6.0] AndroidManifest.xml:55:9-59:39
164            android:name="com.google.android.gms.ads.MobileAdsInitProvider"
164-->[com.google.android.gms:play-services-ads-lite:20.6.0] AndroidManifest.xml:56:13-76
165            android:authorities="com.Example.calligrapy.mobileadsinitprovider"
165-->[com.google.android.gms:play-services-ads-lite:20.6.0] AndroidManifest.xml:57:13-73
166            android:exported="false"
166-->[com.google.android.gms:play-services-ads-lite:20.6.0] AndroidManifest.xml:58:13-37
167            android:initOrder="100" />
167-->[com.google.android.gms:play-services-ads-lite:20.6.0] AndroidManifest.xml:59:13-36
168
169        <service
169-->[com.google.android.gms:play-services-ads-lite:20.6.0] AndroidManifest.xml:61:9-64:40
170            android:name="com.google.android.gms.ads.AdService"
170-->[com.google.android.gms:play-services-ads-lite:20.6.0] AndroidManifest.xml:62:13-64
171            android:enabled="true"
171-->[com.google.android.gms:play-services-ads-lite:20.6.0] AndroidManifest.xml:63:13-35
172            android:exported="false" />
172-->[com.google.android.gms:play-services-ads-lite:20.6.0] AndroidManifest.xml:64:13-37
173
174        <activity
174-->[com.facebook.android:audience-network-sdk:6.11.0] AndroidManifest.xml:19:9-23:75
175            android:name="com.facebook.ads.AudienceNetworkActivity"
175-->[com.facebook.android:audience-network-sdk:6.11.0] AndroidManifest.xml:20:13-68
176            android:configChanges="keyboardHidden|orientation|screenSize"
176-->[com.facebook.android:audience-network-sdk:6.11.0] AndroidManifest.xml:21:13-74
177            android:exported="false"
177-->[com.facebook.android:audience-network-sdk:6.11.0] AndroidManifest.xml:22:13-37
178            android:theme="@android:style/Theme.Translucent.NoTitleBar" />
178-->[com.facebook.android:audience-network-sdk:6.11.0] AndroidManifest.xml:23:13-72
179
180        <provider
180-->[com.facebook.android:audience-network-sdk:6.11.0] AndroidManifest.xml:25:9-28:40
181            android:name="com.facebook.ads.AudienceNetworkContentProvider"
181-->[com.facebook.android:audience-network-sdk:6.11.0] AndroidManifest.xml:26:13-75
182            android:authorities="com.Example.calligrapy.AudienceNetworkContentProvider"
182-->[com.facebook.android:audience-network-sdk:6.11.0] AndroidManifest.xml:27:13-82
183            android:exported="false" />
183-->[com.facebook.android:audience-network-sdk:6.11.0] AndroidManifest.xml:28:13-37
184
185        <activity
185-->[com.google.android.gms:play-services-base:17.6.0] AndroidManifest.xml:23:9-26:75
186            android:name="com.google.android.gms.common.api.GoogleApiActivity"
186-->[com.google.android.gms:play-services-base:17.6.0] AndroidManifest.xml:24:13-79
187            android:exported="false"
187-->[com.google.android.gms:play-services-base:17.6.0] AndroidManifest.xml:25:13-37
188            android:theme="@android:style/Theme.Translucent.NoTitleBar" />
188-->[com.google.android.gms:play-services-base:17.6.0] AndroidManifest.xml:26:13-72
189
190        <meta-data
190-->[com.google.android.gms:play-services-basement:17.6.0] AndroidManifest.xml:23:9-25:69
191            android:name="com.google.android.gms.version"
191-->[com.google.android.gms:play-services-basement:17.6.0] AndroidManifest.xml:24:13-58
192            android:value="@integer/google_play_services_version" />
192-->[com.google.android.gms:play-services-basement:17.6.0] AndroidManifest.xml:25:13-66
193
194        <service
194-->[androidx.work:work-runtime:2.7.0] AndroidManifest.xml:41:9-46:35
195            android:name="androidx.work.impl.background.systemalarm.SystemAlarmService"
195-->[androidx.work:work-runtime:2.7.0] AndroidManifest.xml:42:13-88
196            android:directBootAware="false"
196-->[androidx.work:work-runtime:2.7.0] AndroidManifest.xml:43:13-44
197            android:enabled="@bool/enable_system_alarm_service_default"
197-->[androidx.work:work-runtime:2.7.0] AndroidManifest.xml:44:13-72
198            android:exported="false" />
198-->[androidx.work:work-runtime:2.7.0] AndroidManifest.xml:45:13-37
199        <service
199-->[androidx.work:work-runtime:2.7.0] AndroidManifest.xml:47:9-53:35
200            android:name="androidx.work.impl.background.systemjob.SystemJobService"
200-->[androidx.work:work-runtime:2.7.0] AndroidManifest.xml:48:13-84
201            android:directBootAware="false"
201-->[androidx.work:work-runtime:2.7.0] AndroidManifest.xml:49:13-44
202            android:enabled="@bool/enable_system_job_service_default"
202-->[androidx.work:work-runtime:2.7.0] AndroidManifest.xml:50:13-70
203            android:exported="true"
203-->[androidx.work:work-runtime:2.7.0] AndroidManifest.xml:51:13-36
204            android:permission="android.permission.BIND_JOB_SERVICE" />
204-->[androidx.work:work-runtime:2.7.0] AndroidManifest.xml:52:13-69
205        <service
205-->[androidx.work:work-runtime:2.7.0] AndroidManifest.xml:54:9-59:35
206            android:name="androidx.work.impl.foreground.SystemForegroundService"
206-->[androidx.work:work-runtime:2.7.0] AndroidManifest.xml:55:13-81
207            android:directBootAware="false"
207-->[androidx.work:work-runtime:2.7.0] AndroidManifest.xml:56:13-44
208            android:enabled="@bool/enable_system_foreground_service_default"
208-->[androidx.work:work-runtime:2.7.0] AndroidManifest.xml:57:13-77
209            android:exported="false" />
209-->[androidx.work:work-runtime:2.7.0] AndroidManifest.xml:58:13-37
210
211        <receiver
211-->[androidx.work:work-runtime:2.7.0] AndroidManifest.xml:61:9-66:35
212            android:name="androidx.work.impl.utils.ForceStopRunnable$BroadcastReceiver"
212-->[androidx.work:work-runtime:2.7.0] AndroidManifest.xml:62:13-88
213            android:directBootAware="false"
213-->[androidx.work:work-runtime:2.7.0] AndroidManifest.xml:63:13-44
214            android:enabled="true"
214-->[androidx.work:work-runtime:2.7.0] AndroidManifest.xml:64:13-35
215            android:exported="false" />
215-->[androidx.work:work-runtime:2.7.0] AndroidManifest.xml:65:13-37
216        <receiver
216-->[androidx.work:work-runtime:2.7.0] AndroidManifest.xml:67:9-77:20
217            android:name="androidx.work.impl.background.systemalarm.ConstraintProxy$BatteryChargingProxy"
217-->[androidx.work:work-runtime:2.7.0] AndroidManifest.xml:68:13-106
218            android:directBootAware="false"
218-->[androidx.work:work-runtime:2.7.0] AndroidManifest.xml:69:13-44
219            android:enabled="false"
219-->[androidx.work:work-runtime:2.7.0] AndroidManifest.xml:70:13-36
220            android:exported="false" >
220-->[androidx.work:work-runtime:2.7.0] AndroidManifest.xml:71:13-37
221            <intent-filter>
221-->[androidx.work:work-runtime:2.7.0] AndroidManifest.xml:73:13-76:29
222                <action android:name="android.intent.action.ACTION_POWER_CONNECTED" />
222-->[androidx.work:work-runtime:2.7.0] AndroidManifest.xml:74:17-87
222-->[androidx.work:work-runtime:2.7.0] AndroidManifest.xml:74:25-84
223                <action android:name="android.intent.action.ACTION_POWER_DISCONNECTED" />
223-->[androidx.work:work-runtime:2.7.0] AndroidManifest.xml:75:17-90
223-->[androidx.work:work-runtime:2.7.0] AndroidManifest.xml:75:25-87
224            </intent-filter>
225        </receiver>
226        <receiver
226-->[androidx.work:work-runtime:2.7.0] AndroidManifest.xml:78:9-88:20
227            android:name="androidx.work.impl.background.systemalarm.ConstraintProxy$BatteryNotLowProxy"
227-->[androidx.work:work-runtime:2.7.0] AndroidManifest.xml:79:13-104
228            android:directBootAware="false"
228-->[androidx.work:work-runtime:2.7.0] AndroidManifest.xml:80:13-44
229            android:enabled="false"
229-->[androidx.work:work-runtime:2.7.0] AndroidManifest.xml:81:13-36
230            android:exported="false" >
230-->[androidx.work:work-runtime:2.7.0] AndroidManifest.xml:82:13-37
231            <intent-filter>
231-->[androidx.work:work-runtime:2.7.0] AndroidManifest.xml:84:13-87:29
232                <action android:name="android.intent.action.BATTERY_OKAY" />
232-->[androidx.work:work-runtime:2.7.0] AndroidManifest.xml:85:17-77
232-->[androidx.work:work-runtime:2.7.0] AndroidManifest.xml:85:25-74
233                <action android:name="android.intent.action.BATTERY_LOW" />
233-->[androidx.work:work-runtime:2.7.0] AndroidManifest.xml:86:17-76
233-->[androidx.work:work-runtime:2.7.0] AndroidManifest.xml:86:25-73
234            </intent-filter>
235        </receiver>
236        <receiver
236-->[androidx.work:work-runtime:2.7.0] AndroidManifest.xml:89:9-99:20
237            android:name="androidx.work.impl.background.systemalarm.ConstraintProxy$StorageNotLowProxy"
237-->[androidx.work:work-runtime:2.7.0] AndroidManifest.xml:90:13-104
238            android:directBootAware="false"
238-->[androidx.work:work-runtime:2.7.0] AndroidManifest.xml:91:13-44
239            android:enabled="false"
239-->[androidx.work:work-runtime:2.7.0] AndroidManifest.xml:92:13-36
240            android:exported="false" >
240-->[androidx.work:work-runtime:2.7.0] AndroidManifest.xml:93:13-37
241            <intent-filter>
241-->[androidx.work:work-runtime:2.7.0] AndroidManifest.xml:95:13-98:29
242                <action android:name="android.intent.action.DEVICE_STORAGE_LOW" />
242-->[androidx.work:work-runtime:2.7.0] AndroidManifest.xml:96:17-83
242-->[androidx.work:work-runtime:2.7.0] AndroidManifest.xml:96:25-80
243                <action android:name="android.intent.action.DEVICE_STORAGE_OK" />
243-->[androidx.work:work-runtime:2.7.0] AndroidManifest.xml:97:17-82
243-->[androidx.work:work-runtime:2.7.0] AndroidManifest.xml:97:25-79
244            </intent-filter>
245        </receiver>
246        <receiver
246-->[androidx.work:work-runtime:2.7.0] AndroidManifest.xml:100:9-109:20
247            android:name="androidx.work.impl.background.systemalarm.ConstraintProxy$NetworkStateProxy"
247-->[androidx.work:work-runtime:2.7.0] AndroidManifest.xml:101:13-103
248            android:directBootAware="false"
248-->[androidx.work:work-runtime:2.7.0] AndroidManifest.xml:102:13-44
249            android:enabled="false"
249-->[androidx.work:work-runtime:2.7.0] AndroidManifest.xml:103:13-36
250            android:exported="false" >
250-->[androidx.work:work-runtime:2.7.0] AndroidManifest.xml:104:13-37
251            <intent-filter>
251-->[androidx.work:work-runtime:2.7.0] AndroidManifest.xml:106:13-108:29
252                <action android:name="android.net.conn.CONNECTIVITY_CHANGE" />
252-->[androidx.work:work-runtime:2.7.0] AndroidManifest.xml:107:17-79
252-->[androidx.work:work-runtime:2.7.0] AndroidManifest.xml:107:25-76
253            </intent-filter>
254        </receiver>
255        <receiver
255-->[androidx.work:work-runtime:2.7.0] AndroidManifest.xml:110:9-121:20
256            android:name="androidx.work.impl.background.systemalarm.RescheduleReceiver"
256-->[androidx.work:work-runtime:2.7.0] AndroidManifest.xml:111:13-88
257            android:directBootAware="false"
257-->[androidx.work:work-runtime:2.7.0] AndroidManifest.xml:112:13-44
258            android:enabled="false"
258-->[androidx.work:work-runtime:2.7.0] AndroidManifest.xml:113:13-36
259            android:exported="false" >
259-->[androidx.work:work-runtime:2.7.0] AndroidManifest.xml:114:13-37
260            <intent-filter>
260-->[androidx.work:work-runtime:2.7.0] AndroidManifest.xml:116:13-120:29
261                <action android:name="android.intent.action.BOOT_COMPLETED" />
261-->[androidx.work:work-runtime:2.7.0] AndroidManifest.xml:117:17-79
261-->[androidx.work:work-runtime:2.7.0] AndroidManifest.xml:117:25-76
262                <action android:name="android.intent.action.TIME_SET" />
262-->[androidx.work:work-runtime:2.7.0] AndroidManifest.xml:118:17-73
262-->[androidx.work:work-runtime:2.7.0] AndroidManifest.xml:118:25-70
263                <action android:name="android.intent.action.TIMEZONE_CHANGED" />
263-->[androidx.work:work-runtime:2.7.0] AndroidManifest.xml:119:17-81
263-->[androidx.work:work-runtime:2.7.0] AndroidManifest.xml:119:25-78
264            </intent-filter>
265        </receiver>
266        <receiver
266-->[androidx.work:work-runtime:2.7.0] AndroidManifest.xml:122:9-131:20
267            android:name="androidx.work.impl.background.systemalarm.ConstraintProxyUpdateReceiver"
267-->[androidx.work:work-runtime:2.7.0] AndroidManifest.xml:123:13-99
268            android:directBootAware="false"
268-->[androidx.work:work-runtime:2.7.0] AndroidManifest.xml:124:13-44
269            android:enabled="@bool/enable_system_alarm_service_default"
269-->[androidx.work:work-runtime:2.7.0] AndroidManifest.xml:125:13-72
270            android:exported="false" >
270-->[androidx.work:work-runtime:2.7.0] AndroidManifest.xml:126:13-37
271            <intent-filter>
271-->[androidx.work:work-runtime:2.7.0] AndroidManifest.xml:128:13-130:29
272                <action android:name="androidx.work.impl.background.systemalarm.UpdateProxies" />
272-->[androidx.work:work-runtime:2.7.0] AndroidManifest.xml:129:17-98
272-->[androidx.work:work-runtime:2.7.0] AndroidManifest.xml:129:25-95
273            </intent-filter>
274        </receiver>
275        <receiver
275-->[androidx.work:work-runtime:2.7.0] AndroidManifest.xml:132:9-142:20
276            android:name="androidx.work.impl.diagnostics.DiagnosticsReceiver"
276-->[androidx.work:work-runtime:2.7.0] AndroidManifest.xml:133:13-78
277            android:directBootAware="false"
277-->[androidx.work:work-runtime:2.7.0] AndroidManifest.xml:134:13-44
278            android:enabled="true"
278-->[androidx.work:work-runtime:2.7.0] AndroidManifest.xml:135:13-35
279            android:exported="true"
279-->[androidx.work:work-runtime:2.7.0] AndroidManifest.xml:136:13-36
280            android:permission="android.permission.DUMP" >
280-->[androidx.work:work-runtime:2.7.0] AndroidManifest.xml:137:13-57
281            <intent-filter>
281-->[androidx.work:work-runtime:2.7.0] AndroidManifest.xml:139:13-141:29
282                <action android:name="androidx.work.diagnostics.REQUEST_DIAGNOSTICS" />
282-->[androidx.work:work-runtime:2.7.0] AndroidManifest.xml:140:17-88
282-->[androidx.work:work-runtime:2.7.0] AndroidManifest.xml:140:25-85
283            </intent-filter>
284        </receiver>
285
286        <service
286-->[androidx.room:room-runtime:2.2.5] AndroidManifest.xml:25:9-28:40
287            android:name="androidx.room.MultiInstanceInvalidationService"
287-->[androidx.room:room-runtime:2.2.5] AndroidManifest.xml:26:13-74
288            android:directBootAware="true"
288-->[androidx.room:room-runtime:2.2.5] AndroidManifest.xml:27:13-43
289            android:exported="false" />